<?xml version="1.0" encoding="UTF-8"?>
<testsuite name="Reto Choucair" tests="1" skipped="0" failures="1" errors="0" timestamp="2022-04-01T02:37:47" hostname="DESKTOP-I1G8VKD" time="60.869">
  <properties/>
  <testcase name="Make a new register" classname="Reto Choucair" time="60.869">
    <failure message="java.lang.AssertionError: null" type="java.lang.AssertionError">java.lang.AssertionError: null
	at net.serenitybdd.screenplay.ErrorTally.throwSummaryExceptionFrom(ErrorTally.java:36)
	at net.serenitybdd.screenplay.ErrorTally.reportAnyErrors(ErrorTally.java:30)
	at net.serenitybdd.screenplay.Actor.should(Actor.java:301)
	at co.com.choucair.reto.test.stepdefinitions.RetoChoucairStepDefinitions.heFillsAndSaveAllDataProvided(RetoChoucairStepDefinitions.java:34)
	at ✽.he fills and save all data provided(src/test/resources/features/retoChoucair.feature:8)
</failure>
  </testcase>
  <system-out><![CDATA[]]></system-out>
  <system-err><![CDATA[[Test worker] WARN net.thucydides.core.steps.BaseStepListener - stepStarted: net.thucydides.core.steps.ExecutedStepDescription@52bba44b
[Test worker] WARN net.thucydides.core.steps.BaseStepListener - stepStarted: net.thucydides.core.steps.ExecutedStepDescription@72cf590f
[Test worker] WARN net.thucydides.core.steps.BaseStepListener - stepStarted: net.thucydides.core.steps.ExecutedStepDescription@72f92c20
mar 31, 2022 9:37:48 PM org.openqa.selenium.remote.DesiredCapabilities chrome
INFORMACIÓN: Using `new ChromeOptions()` is preferred to `DesiredCapabilities.chrome()`
[Test worker] INFO net.serenitybdd.core.webdriver.driverproviders.ProvideNewDriver - Instantiating driver
[Test worker] INFO net.serenitybdd.core.webdriver.driverproviders.ProvideNewDriver - Driver capabilities: Capabilities {acceptInsecureCerts: false, browserName: chrome, chrome.switches: --start-maximized, goog:chromeOptions: {args: [--start-maximized], extensions: []}, loggingPrefs: org.openqa.selenium.logging..., platform: ANY, version: }
Starting ChromeDriver 100.0.4896.60 (6a5d10861ce8de5fce22564658033b43cb7de047-refs/branch-heads/4896@{#875}) on port 25488
Only local connections are allowed.
Please see https://chromedriver.chromium.org/security-considerations for suggestions on keeping ChromeDriver safe.
ChromeDriver was started successfully.
mar 31, 2022 9:37:55 PM org.openqa.selenium.remote.ProtocolHandshake createSession
INFORMACIÓN: Detected dialect: W3C
[Test worker] WARN net.thucydides.core.steps.BaseStepListener - stepFinished: current outcome:Make a new register:Given than Andres wants to make a new register at Utest.com platform [Andrã©s open up [AndrÃ©s opens the U test page]]
[Test worker] WARN net.thucydides.core.steps.BaseStepListener - stepFinished: current outcome:Make a new register:Given than Andres wants to make a new register at Utest.com platform [Andrã©s open up [AndrÃ©s opens the U test page]]
[Test worker] WARN net.thucydides.core.steps.BaseStepListener - stepFinished: current outcome:Make a new register:Given than Andres wants to make a new register at Utest.com platform [Andrã©s open up [AndrÃ©s opens the U test page]]
[Test worker] WARN net.thucydides.core.steps.BaseStepListener - stepStarted: net.thucydides.core.steps.ExecutedStepDescription@79f361b
[Test worker] WARN net.thucydides.core.steps.BaseStepListener - stepStarted: net.thucydides.core.steps.ExecutedStepDescription@768fbd60
[Test worker] WARN net.thucydides.core.steps.BaseStepListener - stepStarted: net.thucydides.core.steps.ExecutedStepDescription@338e93da
[Test worker] WARN net.thucydides.core.steps.BaseStepListener - stepFinished: current outcome:Make a new register:Given than Andres wants to make a new register at Utest.com platform [Andrã©s open up [AndrÃ©s opens the U test page]], When he goes at register form on Utest.com platform [Andrã©s in platform [AndrÃ©s clicks on Button show us the register form]]
[Test worker] WARN net.thucydides.core.steps.BaseStepListener - stepStarted: net.thucydides.core.steps.ExecutedStepDescription@58330b3
[Test worker] WARN net.thucydides.core.steps.BaseStepListener - stepFinished: current outcome:Make a new register:Given than Andres wants to make a new register at Utest.com platform [Andrã©s open up [AndrÃ©s opens the U test page]], When he goes at register form on Utest.com platform [Andrã©s in platform [AndrÃ©s clicks on Button show us the register form, AndrÃ©s enters 'Andres' into Field to write first name]]
[Test worker] WARN net.thucydides.core.steps.BaseStepListener - stepStarted: net.thucydides.core.steps.ExecutedStepDescription@500297f1
[Test worker] WARN net.thucydides.core.steps.BaseStepListener - stepFinished: current outcome:Make a new register:Given than Andres wants to make a new register at Utest.com platform [Andrã©s open up [AndrÃ©s opens the U test page]], When he goes at register form on Utest.com platform [Andrã©s in platform [AndrÃ©s clicks on Button show us the register form, AndrÃ©s enters 'Andres' into Field to write first name, AndrÃ©s enters 'Rivero' into Field to write last name]]
[Test worker] WARN net.thucydides.core.steps.BaseStepListener - stepStarted: net.thucydides.core.steps.ExecutedStepDescription@a51d417
[Test worker] WARN net.thucydides.core.steps.BaseStepListener - stepFinished: current outcome:Make a new register:Given than Andres wants to make a new register at Utest.com platform [Andrã©s open up [AndrÃ©s opens the U test page]], When he goes at register form on Utest.com platform [Andrã©s in platform [AndrÃ©s clicks on Button show us the register form, AndrÃ©s enters 'Andres' into Field to write first name, AndrÃ©s enters 'Rivero' into Field to write last name, AndrÃ©s enters 'ara@mail.com' into Field to write email]]
[Test worker] WARN net.thucydides.core.steps.BaseStepListener - stepStarted: net.thucydides.core.steps.ExecutedStepDescription@4aec6338
[Test worker] WARN net.thucydides.core.steps.BaseStepListener - stepFinished: current outcome:Make a new register:Given than Andres wants to make a new register at Utest.com platform [Andrã©s open up [AndrÃ©s opens the U test page]], When he goes at register form on Utest.com platform [Andrã©s in platform [AndrÃ©s clicks on Button show us the register form, AndrÃ©s enters 'Andres' into Field to write first name, AndrÃ©s enters 'Rivero' into Field to write last name, AndrÃ©s enters 'ara@mail.com' into Field to write email, AndrÃ©s clicks on Select to choose Month]]
[Test worker] WARN net.thucydides.core.steps.BaseStepListener - stepStarted: net.thucydides.core.steps.ExecutedStepDescription@8733cda
[Test worker] WARN net.thucydides.core.steps.BaseStepListener - stepFinished: current outcome:Make a new register:Given than Andres wants to make a new register at Utest.com platform [Andrã©s open up [AndrÃ©s opens the U test page]], When he goes at register form on Utest.com platform [Andrã©s in platform [AndrÃ©s clicks on Button show us the register form, AndrÃ©s enters 'Andres' into Field to write first name, AndrÃ©s enters 'Rivero' into Field to write last name, AndrÃ©s enters 'ara@mail.com' into Field to write email, AndrÃ©s clicks on Select to choose Month, AndrÃ©s clicks on Select to choose Day]]
[Test worker] WARN net.thucydides.core.steps.BaseStepListener - stepStarted: net.thucydides.core.steps.ExecutedStepDescription@1385eb73
[Test worker] WARN net.thucydides.core.steps.BaseStepListener - stepFinished: current outcome:Make a new register:Given than Andres wants to make a new register at Utest.com platform [Andrã©s open up [AndrÃ©s opens the U test page]], When he goes at register form on Utest.com platform [Andrã©s in platform [AndrÃ©s clicks on Button show us the register form, AndrÃ©s enters 'Andres' into Field to write first name, AndrÃ©s enters 'Rivero' into Field to write last name, AndrÃ©s enters 'ara@mail.com' into Field to write email, AndrÃ©s clicks on Select to choose Month, AndrÃ©s clicks on Select to choose Day, AndrÃ©s clicks on Select to choose Year]]
[Test worker] WARN net.thucydides.core.steps.BaseStepListener - stepStarted: net.thucydides.core.steps.ExecutedStepDescription@5164534
[Test worker] WARN net.thucydides.core.steps.BaseStepListener - stepFinished: current outcome:Make a new register:Given than Andres wants to make a new register at Utest.com platform [Andrã©s open up [AndrÃ©s opens the U test page]], When he goes at register form on Utest.com platform [Andrã©s in platform [AndrÃ©s clicks on Button show us the register form, AndrÃ©s enters 'Andres' into Field to write first name, AndrÃ©s enters 'Rivero' into Field to write last name, AndrÃ©s enters 'ara@mail.com' into Field to write email, AndrÃ©s clicks on Select to choose Month, AndrÃ©s clicks on Select to choose Day, AndrÃ©s clicks on Select to choose Year, AndrÃ©s enters 'Spanish' into Field to write language spoke]]
[Test worker] WARN net.thucydides.core.steps.BaseStepListener - stepStarted: net.thucydides.core.steps.ExecutedStepDescription@f0ecb79
[Test worker] WARN net.thucydides.core.steps.BaseStepListener - stepFinished: current outcome:Make a new register:Given than Andres wants to make a new register at Utest.com platform [Andrã©s open up [AndrÃ©s opens the U test page]], When he goes at register form on Utest.com platform [Andrã©s in platform [AndrÃ©s clicks on Button show us the register form, AndrÃ©s enters 'Andres' into Field to write first name, AndrÃ©s enters 'Rivero' into Field to write last name, AndrÃ©s enters 'ara@mail.com' into Field to write email, AndrÃ©s clicks on Select to choose Month, AndrÃ©s clicks on Select to choose Day, AndrÃ©s clicks on Select to choose Year, AndrÃ©s enters 'Spanish' into Field to write language spoke, AndrÃ©s clicks on Button to choose the language]]
[Test worker] WARN net.thucydides.core.steps.BaseStepListener - stepStarted: net.thucydides.core.steps.ExecutedStepDescription@35675a79
[Test worker] WARN net.thucydides.core.steps.BaseStepListener - stepFinished: current outcome:Make a new register:Given than Andres wants to make a new register at Utest.com platform [Andrã©s open up [AndrÃ©s opens the U test page]], When he goes at register form on Utest.com platform [Andrã©s in platform [AndrÃ©s clicks on Button show us the register form, AndrÃ©s enters 'Andres' into Field to write first name, AndrÃ©s enters 'Rivero' into Field to write last name, AndrÃ©s enters 'ara@mail.com' into Field to write email, AndrÃ©s clicks on Select to choose Month, AndrÃ©s clicks on Select to choose Day, AndrÃ©s clicks on Select to choose Year, AndrÃ©s enters 'Spanish' into Field to write language spoke, AndrÃ©s clicks on Button to choose the language, AndrÃ©s clicks on Button to pass next item]]
[Test worker] WARN net.thucydides.core.steps.BaseStepListener - stepStarted: net.thucydides.core.steps.ExecutedStepDescription@675f976e
[Test worker] WARN net.thucydides.core.steps.BaseStepListener - stepFinished: current outcome:Make a new register:Given than Andres wants to make a new register at Utest.com platform [Andrã©s open up [AndrÃ©s opens the U test page]], When he goes at register form on Utest.com platform [Andrã©s in platform [AndrÃ©s clicks on Button show us the register form, AndrÃ©s enters 'Andres' into Field to write first name, AndrÃ©s enters 'Rivero' into Field to write last name, AndrÃ©s enters 'ara@mail.com' into Field to write email, AndrÃ©s clicks on Select to choose Month, AndrÃ©s clicks on Select to choose Day, AndrÃ©s clicks on Select to choose Year, AndrÃ©s enters 'Spanish' into Field to write language spoke, AndrÃ©s clicks on Button to choose the language, AndrÃ©s clicks on Button to pass next item, AndrÃ©s clicks on Button to pass next item]]
[Test worker] WARN net.thucydides.core.steps.BaseStepListener - stepStarted: net.thucydides.core.steps.ExecutedStepDescription@7d2204ee
[Test worker] WARN net.thucydides.core.steps.BaseStepListener - stepFinished: current outcome:Make a new register:Given than Andres wants to make a new register at Utest.com platform [Andrã©s open up [AndrÃ©s opens the U test page]], When he goes at register form on Utest.com platform [Andrã©s in platform [AndrÃ©s clicks on Button show us the register form, AndrÃ©s enters 'Andres' into Field to write first name, AndrÃ©s enters 'Rivero' into Field to write last name, AndrÃ©s enters 'ara@mail.com' into Field to write email, AndrÃ©s clicks on Select to choose Month, AndrÃ©s clicks on Select to choose Day, AndrÃ©s clicks on Select to choose Year, AndrÃ©s enters 'Spanish' into Field to write language spoke, AndrÃ©s clicks on Button to choose the language, AndrÃ©s clicks on Button to pass next item, AndrÃ©s clicks on Button to pass next item, AndrÃ©s clicks on Button to pass at last item]]
[Test worker] WARN net.thucydides.core.steps.BaseStepListener - stepStarted: net.thucydides.core.steps.ExecutedStepDescription@4185ed11
[Test worker] WARN net.thucydides.core.steps.BaseStepListener - stepFinished: current outcome:Make a new register:Given than Andres wants to make a new register at Utest.com platform [Andrã©s open up [AndrÃ©s opens the U test page]], When he goes at register form on Utest.com platform [Andrã©s in platform [AndrÃ©s clicks on Button show us the register form, AndrÃ©s enters 'Andres' into Field to write first name, AndrÃ©s enters 'Rivero' into Field to write last name, AndrÃ©s enters 'ara@mail.com' into Field to write email, AndrÃ©s clicks on Select to choose Month, AndrÃ©s clicks on Select to choose Day, AndrÃ©s clicks on Select to choose Year, AndrÃ©s enters 'Spanish' into Field to write language spoke, AndrÃ©s clicks on Button to choose the language, AndrÃ©s clicks on Button to pass next item, AndrÃ©s clicks on Button to pass next item, AndrÃ©s clicks on Button to pass at last item, AndrÃ©s enters 'hNsJmS7wm8HiBjr' into Field to create a password]]
[Test worker] WARN net.thucydides.core.steps.BaseStepListener - stepStarted: net.thucydides.core.steps.ExecutedStepDescription@3131996a
[Test worker] WARN net.thucydides.core.steps.BaseStepListener - stepFinished: current outcome:Make a new register:Given than Andres wants to make a new register at Utest.com platform [Andrã©s open up [AndrÃ©s opens the U test page]], When he goes at register form on Utest.com platform [Andrã©s in platform [AndrÃ©s clicks on Button show us the register form, AndrÃ©s enters 'Andres' into Field to write first name, AndrÃ©s enters 'Rivero' into Field to write last name, AndrÃ©s enters 'ara@mail.com' into Field to write email, AndrÃ©s clicks on Select to choose Month, AndrÃ©s clicks on Select to choose Day, AndrÃ©s clicks on Select to choose Year, AndrÃ©s enters 'Spanish' into Field to write language spoke, AndrÃ©s clicks on Button to choose the language, AndrÃ©s clicks on Button to pass next item, AndrÃ©s clicks on Button to pass next item, AndrÃ©s clicks on Button to pass at last item, AndrÃ©s enters 'hNsJmS7wm8HiBjr' into Field to create a password, AndrÃ©s enters 'hNsJmS7wm8HiBjr' into Field to confirm the password]]
[Test worker] WARN net.thucydides.core.steps.BaseStepListener - stepStarted: net.thucydides.core.steps.ExecutedStepDescription@6ff8b07b
[Test worker] WARN net.thucydides.core.steps.BaseStepListener - stepFinished: current outcome:Make a new register:Given than Andres wants to make a new register at Utest.com platform [Andrã©s open up [AndrÃ©s opens the U test page]], When he goes at register form on Utest.com platform [Andrã©s in platform [AndrÃ©s clicks on Button show us the register form, AndrÃ©s enters 'Andres' into Field to write first name, AndrÃ©s enters 'Rivero' into Field to write last name, AndrÃ©s enters 'ara@mail.com' into Field to write email, AndrÃ©s clicks on Select to choose Month, AndrÃ©s clicks on Select to choose Day, AndrÃ©s clicks on Select to choose Year, AndrÃ©s enters 'Spanish' into Field to write language spoke, AndrÃ©s clicks on Button to choose the language, AndrÃ©s clicks on Button to pass next item, AndrÃ©s clicks on Button to pass next item, AndrÃ©s clicks on Button to pass at last item, AndrÃ©s enters 'hNsJmS7wm8HiBjr' into Field to create a password, AndrÃ©s enters 'hNsJmS7wm8HiBjr' into Field to confirm the password, AndrÃ©s clicks on Check button of terms and conditions]]
[Test worker] WARN net.thucydides.core.steps.BaseStepListener - stepStarted: net.thucydides.core.steps.ExecutedStepDescription@37295632
[Test worker] WARN net.thucydides.core.steps.BaseStepListener - stepFinished: current outcome:Make a new register:Given than Andres wants to make a new register at Utest.com platform [Andrã©s open up [AndrÃ©s opens the U test page]], When he goes at register form on Utest.com platform [Andrã©s in platform [AndrÃ©s clicks on Button show us the register form, AndrÃ©s enters 'Andres' into Field to write first name, AndrÃ©s enters 'Rivero' into Field to write last name, AndrÃ©s enters 'ara@mail.com' into Field to write email, AndrÃ©s clicks on Select to choose Month, AndrÃ©s clicks on Select to choose Day, AndrÃ©s clicks on Select to choose Year, AndrÃ©s enters 'Spanish' into Field to write language spoke, AndrÃ©s clicks on Button to choose the language, AndrÃ©s clicks on Button to pass next item, AndrÃ©s clicks on Button to pass next item, AndrÃ©s clicks on Button to pass at last item, AndrÃ©s enters 'hNsJmS7wm8HiBjr' into Field to create a password, AndrÃ©s enters 'hNsJmS7wm8HiBjr' into Field to confirm the password, AndrÃ©s clicks on Check button of terms and conditions, AndrÃ©s clicks on Check button of Privacy & Security Policy]]
[Test worker] WARN net.thucydides.core.steps.BaseStepListener - stepStarted: net.thucydides.core.steps.ExecutedStepDescription@6c5db7cd
[Test worker] WARN net.thucydides.core.steps.BaseStepListener - stepFinished: current outcome:Make a new register:Given than Andres wants to make a new register at Utest.com platform [Andrã©s open up [AndrÃ©s opens the U test page]], When he goes at register form on Utest.com platform [Andrã©s in platform [AndrÃ©s clicks on Button show us the register form, AndrÃ©s enters 'Andres' into Field to write first name, AndrÃ©s enters 'Rivero' into Field to write last name, AndrÃ©s enters 'ara@mail.com' into Field to write email, AndrÃ©s clicks on Select to choose Month, AndrÃ©s clicks on Select to choose Day, AndrÃ©s clicks on Select to choose Year, AndrÃ©s enters 'Spanish' into Field to write language spoke, AndrÃ©s clicks on Button to choose the language, AndrÃ©s clicks on Button to pass next item, AndrÃ©s clicks on Button to pass next item, AndrÃ©s clicks on Button to pass at last item, AndrÃ©s enters 'hNsJmS7wm8HiBjr' into Field to create a password, AndrÃ©s enters 'hNsJmS7wm8HiBjr' into Field to confirm the password, AndrÃ©s clicks on Check button of terms and conditions, AndrÃ©s clicks on Check button of Privacy & Security Policy, AndrÃ©s clicks on Button to complete the register form]]
[Test worker] WARN net.thucydides.core.steps.BaseStepListener - stepFinished: current outcome:Make a new register:Given than Andres wants to make a new register at Utest.com platform [Andrã©s open up [AndrÃ©s opens the U test page]], When he goes at register form on Utest.com platform [Andrã©s in platform [AndrÃ©s clicks on Button show us the register form, AndrÃ©s enters 'Andres' into Field to write first name, AndrÃ©s enters 'Rivero' into Field to write last name, AndrÃ©s enters 'ara@mail.com' into Field to write email, AndrÃ©s clicks on Select to choose Month, AndrÃ©s clicks on Select to choose Day, AndrÃ©s clicks on Select to choose Year, AndrÃ©s enters 'Spanish' into Field to write language spoke, AndrÃ©s clicks on Button to choose the language, AndrÃ©s clicks on Button to pass next item, AndrÃ©s clicks on Button to pass next item, AndrÃ©s clicks on Button to pass at last item, AndrÃ©s enters 'hNsJmS7wm8HiBjr' into Field to create a password, AndrÃ©s enters 'hNsJmS7wm8HiBjr' into Field to confirm the password, AndrÃ©s clicks on Check button of terms and conditions, AndrÃ©s clicks on Check button of Privacy & Security Policy, AndrÃ©s clicks on Button to complete the register form]]
[Test worker] WARN net.thucydides.core.steps.BaseStepListener - stepFinished: current outcome:Make a new register:Given than Andres wants to make a new register at Utest.com platform [Andrã©s open up [AndrÃ©s opens the U test page]], When he goes at register form on Utest.com platform [Andrã©s in platform [AndrÃ©s clicks on Button show us the register form, AndrÃ©s enters 'Andres' into Field to write first name, AndrÃ©s enters 'Rivero' into Field to write last name, AndrÃ©s enters 'ara@mail.com' into Field to write email, AndrÃ©s clicks on Select to choose Month, AndrÃ©s clicks on Select to choose Day, AndrÃ©s clicks on Select to choose Year, AndrÃ©s enters 'Spanish' into Field to write language spoke, AndrÃ©s clicks on Button to choose the language, AndrÃ©s clicks on Button to pass next item, AndrÃ©s clicks on Button to pass next item, AndrÃ©s clicks on Button to pass at last item, AndrÃ©s enters 'hNsJmS7wm8HiBjr' into Field to create a password, AndrÃ©s enters 'hNsJmS7wm8HiBjr' into Field to confirm the password, AndrÃ©s clicks on Check button of terms and conditions, AndrÃ©s clicks on Check button of Privacy & Security Policy, AndrÃ©s clicks on Button to complete the register form]]
[Test worker] WARN net.thucydides.core.steps.BaseStepListener - stepStarted: net.thucydides.core.steps.ExecutedStepDescription@48e9ed1f
[Test worker] WARN net.thucydides.core.steps.BaseStepListener - stepStarted: net.thucydides.core.steps.ExecutedStepDescription@32d86301
[Test worker] WARN net.thucydides.core.steps.BaseStepListener - testFinished: Make a new register:Given than Andres wants to make a new register at Utest.com platform [Andrã©s open up [AndrÃ©s opens the U test page]], When he goes at register form on Utest.com platform [Andrã©s in platform [AndrÃ©s clicks on Button show us the register form, AndrÃ©s enters 'Andres' into Field to write first name, AndrÃ©s enters 'Rivero' into Field to write last name, AndrÃ©s enters 'ara@mail.com' into Field to write email, AndrÃ©s clicks on Select to choose Month, AndrÃ©s clicks on Select to choose Day, AndrÃ©s clicks on Select to choose Year, AndrÃ©s enters 'Spanish' into Field to write language spoke, AndrÃ©s clicks on Button to choose the language, AndrÃ©s clicks on Button to pass next item, AndrÃ©s clicks on Button to pass next item, AndrÃ©s clicks on Button to pass at last item, AndrÃ©s enters 'hNsJmS7wm8HiBjr' into Field to create a password, AndrÃ©s enters 'hNsJmS7wm8HiBjr' into Field to confirm the password, AndrÃ©s clicks on Check button of terms and conditions, AndrÃ©s clicks on Check button of Privacy & Security Policy, AndrÃ©s clicks on Button to complete the register form]], Then he fills and save all data provided [Then answer]
[Test worker] WARN net.thucydides.core.steps.BaseStepListener - TestOutcomes: [Make a new register:Given than Andres wants to make a new register at Utest.com platform [Andrã©s open up [AndrÃ©s opens the U test page]], When he goes at register form on Utest.com platform [Andrã©s in platform [AndrÃ©s clicks on Button show us the register form, AndrÃ©s enters 'Andres' into Field to write first name, AndrÃ©s enters 'Rivero' into Field to write last name, AndrÃ©s enters 'ara@mail.com' into Field to write email, AndrÃ©s clicks on Select to choose Month, AndrÃ©s clicks on Select to choose Day, AndrÃ©s clicks on Select to choose Year, AndrÃ©s enters 'Spanish' into Field to write language spoke, AndrÃ©s clicks on Button to choose the language, AndrÃ©s clicks on Button to pass next item, AndrÃ©s clicks on Button to pass next item, AndrÃ©s clicks on Button to pass at last item, AndrÃ©s enters 'hNsJmS7wm8HiBjr' into Field to create a password, AndrÃ©s enters 'hNsJmS7wm8HiBjr' into Field to confirm the password, AndrÃ©s clicks on Check button of terms and conditions, AndrÃ©s clicks on Check button of Privacy & Security Policy, AndrÃ©s clicks on Button to complete the register form]], Then he fills and save all data provided [Then answer]]
[Test worker] WARN net.thucydides.core.steps.BaseStepListener - Final testOutcomes: [Make a new register:Given than Andres wants to make a new register at Utest.com platform [Andrã©s open up [AndrÃ©s opens the U test page]], When he goes at register form on Utest.com platform [Andrã©s in platform [AndrÃ©s clicks on Button show us the register form, AndrÃ©s enters 'Andres' into Field to write first name, AndrÃ©s enters 'Rivero' into Field to write last name, AndrÃ©s enters 'ara@mail.com' into Field to write email, AndrÃ©s clicks on Select to choose Month, AndrÃ©s clicks on Select to choose Day, AndrÃ©s clicks on Select to choose Year, AndrÃ©s enters 'Spanish' into Field to write language spoke, AndrÃ©s clicks on Button to choose the language, AndrÃ©s clicks on Button to pass next item, AndrÃ©s clicks on Button to pass next item, AndrÃ©s clicks on Button to pass at last item, AndrÃ©s enters 'hNsJmS7wm8HiBjr' into Field to create a password, AndrÃ©s enters 'hNsJmS7wm8HiBjr' into Field to confirm the password, AndrÃ©s clicks on Check button of terms and conditions, AndrÃ©s clicks on Check button of Privacy & Security Policy, AndrÃ©s clicks on Button to complete the register form]], Then he fills and save all data provided [Then answer]]
[Test worker] ERROR net.thucydides.core.steps.ConsoleLoggingListener - 
           __  _____ _____ ____ _____   _____ _    ___ _     _____ ____  
  _       / / |_   _| ____/ ___|_   _| |  ___/ \  |_ _| |   | ____|  _ \ 
 (_)_____| |    | | |  _| \___ \ | |   | |_ / _ \  | || |   |  _| | | | |
  _|_____| |    | | | |___ ___) || |   |  _/ ___ \ | || |___| |___| |_| |
 (_)     | |    |_| |_____|____/ |_|   |_|/_/   \_\___|_____|_____|____/ 
          \_\                                                            

TEST FAILED WITH ERROR: Make a new register
---------------------------------------------------------------------
[Test worker] ERROR net.thucydides.core.steps.ConsoleLoggingListener - TEST FAILED AT STEP Then answer
[Test worker] ERROR net.thucydides.core.steps.ConsoleLoggingListener - null
]]></system-err>
</testsuite>
