<?xml version="1.0" encoding="UTF-8"?>
<testsuite name="Reto Choucair" tests="1" skipped="0" failures="1" errors="0" timestamp="2022-04-01T17:36:57" hostname="DESKTOP-I1G8VKD" time="59.8">
  <properties/>
  <testcase name="Make a new register" classname="Reto Choucair" time="59.8">
    <failure message="java.lang.AssertionError: invalid selector: Unable to locate an element with the xpath expression //h1[contains(text(), 'Welcome to the world's largest community of freelance software testers!')] because of the following error:&#10;SyntaxError: Failed to execute 'evaluate' on 'Document': The string '//h1[contains(text(), 'Welcome to the world's largest community of freelance software testers!')]' is not a valid XPath expression.&#10;  (Session info: chrome=100.0.4896.60)&#10;For documentation on this error, please visit: https://www.seleniumhq.org/exceptions/invalid_selector_exception.html&#10;Build info: version: '3.141.59', revision: 'e82be7d358', time: '2018-11-14T08:17:03'&#10;System info: host: 'DESKTOP-I1G8VKD', ip: '10.212.129.53', os.name: 'Windows 10', os.arch: 'amd64', os.version: '10.0', java.version: '1.8.0_241'&#10;Driver info: org.openqa.selenium.chrome.ChromeDriver&#10;Capabilities {acceptInsecureCerts: false, browserName: chrome, browserVersion: 100.0.4896.60, chrome: {chromedriverVersion: 100.0.4896.60 (6a5d10861ce8..., userDataDir: C:\Users\ANDRSF~1\AppData\L...}, goog:chromeOptions: {debuggerAddress: localhost:50980}, javascriptEnabled: true, networkConnectionEnabled: false, pageLoadStrategy: normal, platform: WINDOWS, platformName: WINDOWS, proxy: Proxy(), setWindowRect: true, strictFileInteractability: false, timeouts: {implicit: 0, pageLoad: 300000, script: 30000}, unhandledPromptBehavior: dismiss and notify, webauthn:extension:credBlob: true, webauthn:extension:largeBlob: true, webauthn:virtualAuthenticators: true}&#10;Session ID: d392576f654ce49b7274ab58bc174a42&#10;*** Element info: {Using=xpath, value=//h1[contains(text(), 'Welcome to the world's largest community of freelance software testers!')]}" type="java.lang.AssertionError">java.lang.AssertionError: invalid selector: Unable to locate an element with the xpath expression //h1[contains(text(), 'Welcome to the world's largest community of freelance software testers!')] because of the following error:
SyntaxError: Failed to execute 'evaluate' on 'Document': The string '//h1[contains(text(), 'Welcome to the world's largest community of freelance software testers!')]' is not a valid XPath expression.
  (Session info: chrome=100.0.4896.60)
For documentation on this error, please visit: https://www.seleniumhq.org/exceptions/invalid_selector_exception.html
Build info: version: '3.141.59', revision: 'e82be7d358', time: '2018-11-14T08:17:03'
System info: host: 'DESKTOP-I1G8VKD', ip: '10.212.129.53', os.name: 'Windows 10', os.arch: 'amd64', os.version: '10.0', java.version: '1.8.0_241'
Driver info: org.openqa.selenium.chrome.ChromeDriver
Capabilities {acceptInsecureCerts: false, browserName: chrome, browserVersion: 100.0.4896.60, chrome: {chromedriverVersion: 100.0.4896.60 (6a5d10861ce8..., userDataDir: C:\Users\ANDRSF~1\AppData\L...}, goog:chromeOptions: {debuggerAddress: localhost:50980}, javascriptEnabled: true, networkConnectionEnabled: false, pageLoadStrategy: normal, platform: WINDOWS, platformName: WINDOWS, proxy: Proxy(), setWindowRect: true, strictFileInteractability: false, timeouts: {implicit: 0, pageLoad: 300000, script: 30000}, unhandledPromptBehavior: dismiss and notify, webauthn:extension:credBlob: true, webauthn:extension:largeBlob: true, webauthn:virtualAuthenticators: true}
Session ID: d392576f654ce49b7274ab58bc174a42
*** Element info: {Using=xpath, value=//h1[contains(text(), 'Welcome to the world's largest community of freelance software testers!')]}
	at net.serenitybdd.screenplay.ErrorTally.throwSummaryExceptionFrom(ErrorTally.java:36)
	at net.serenitybdd.screenplay.ErrorTally.reportAnyErrors(ErrorTally.java:30)
	at net.serenitybdd.screenplay.Actor.should(Actor.java:301)
	at co.com.choucair.reto.test.stepdefinitions.RetoChoucairStepDefinitions.heFillsAndSaveAllDataProvided(RetoChoucairStepDefinitions.java:43)
	at ✽.he fills and save all data provided(src/test/resources/features/retoChoucair.feature:10)
</failure>
  </testcase>
  <system-out><![CDATA[]]></system-out>
  <system-err><![CDATA[[Test worker] WARN net.thucydides.core.steps.BaseStepListener - stepStarted: net.thucydides.core.steps.ExecutedStepDescription@c38bd47
[Test worker] WARN net.thucydides.core.steps.BaseStepListener - stepStarted: net.thucydides.core.steps.ExecutedStepDescription@1d741297
[Test worker] WARN net.thucydides.core.steps.BaseStepListener - stepStarted: net.thucydides.core.steps.ExecutedStepDescription@3ede352d
abr 01, 2022 12:36:59 PM org.openqa.selenium.remote.DesiredCapabilities chrome
INFORMACIÓN: Using `new ChromeOptions()` is preferred to `DesiredCapabilities.chrome()`
[Test worker] INFO net.serenitybdd.core.webdriver.driverproviders.ProvideNewDriver - Instantiating driver
[Test worker] INFO net.serenitybdd.core.webdriver.driverproviders.ProvideNewDriver - Driver capabilities: Capabilities {acceptInsecureCerts: false, browserName: chrome, chrome.switches: --start-maximized, goog:chromeOptions: {args: [--start-maximized], extensions: []}, loggingPrefs: org.openqa.selenium.logging..., platform: ANY, version: }
Starting ChromeDriver 100.0.4896.60 (6a5d10861ce8de5fce22564658033b43cb7de047-refs/branch-heads/4896@{#875}) on port 12944
Only local connections are allowed.
Please see https://chromedriver.chromium.org/security-considerations for suggestions on keeping ChromeDriver safe.
ChromeDriver was started successfully.
abr 01, 2022 12:37:05 PM org.openqa.selenium.remote.ProtocolHandshake createSession
INFORMACIÓN: Detected dialect: W3C
[Test worker] WARN net.thucydides.core.steps.BaseStepListener - stepFinished: current outcome:Make a new register:Example: {firstName=Andres, lastName=Burgos, email=abf@mail.com, language=Spanish, password=hNsJmS7wm8HiBjr, confirmPassword=hNsJmS7wm8HiBjr, messageConfirm=Welcome to the world's largest community of freelance software testers!} [Given than Andres wants to make a new register at Utest.com platform [Andrã©s open up [AndrÃ©s opens the U test page]]]
[Test worker] WARN net.thucydides.core.steps.BaseStepListener - stepFinished: current outcome:Make a new register:Example: {firstName=Andres, lastName=Burgos, email=abf@mail.com, language=Spanish, password=hNsJmS7wm8HiBjr, confirmPassword=hNsJmS7wm8HiBjr, messageConfirm=Welcome to the world's largest community of freelance software testers!} [Given than Andres wants to make a new register at Utest.com platform [Andrã©s open up [AndrÃ©s opens the U test page]]]
[Test worker] WARN net.thucydides.core.steps.BaseStepListener - stepFinished: current outcome:Make a new register:Example: {firstName=Andres, lastName=Burgos, email=abf@mail.com, language=Spanish, password=hNsJmS7wm8HiBjr, confirmPassword=hNsJmS7wm8HiBjr, messageConfirm=Welcome to the world's largest community of freelance software testers!} [Given than Andres wants to make a new register at Utest.com platform [Andrã©s open up [AndrÃ©s opens the U test page]]]
[Test worker] WARN net.thucydides.core.steps.BaseStepListener - stepStarted: net.thucydides.core.steps.ExecutedStepDescription@7db9562
[Test worker] WARN net.thucydides.core.steps.BaseStepListener - stepStarted: net.thucydides.core.steps.ExecutedStepDescription@7b8da9bc
[Test worker] WARN net.thucydides.core.steps.BaseStepListener - stepStarted: net.thucydides.core.steps.ExecutedStepDescription@a8bb6f8
[Test worker] WARN net.thucydides.core.steps.BaseStepListener - stepFinished: current outcome:Make a new register:Example: {firstName=Andres, lastName=Burgos, email=abf@mail.com, language=Spanish, password=hNsJmS7wm8HiBjr, confirmPassword=hNsJmS7wm8HiBjr, messageConfirm=Welcome to the world's largest community of freelance software testers!} [Given than Andres wants to make a new register at Utest.com platform [Andrã©s open up [AndrÃ©s opens the U test page]], When he goes at register form on Utest.com platform
| firstName | lastName | email | language | password | confirmPassword |
| Andres | Burgos | abf@mail.com | Spanish | hNsJmS7wm8HiBjr | hNsJmS7wm8HiBjr | [Andrã©s in platform [AndrÃ©s clicks on Button show us the register form]]]
[Test worker] WARN net.thucydides.core.steps.BaseStepListener - stepStarted: net.thucydides.core.steps.ExecutedStepDescription@ea2d238
[Test worker] WARN net.thucydides.core.steps.BaseStepListener - stepFinished: current outcome:Make a new register:Example: {firstName=Andres, lastName=Burgos, email=abf@mail.com, language=Spanish, password=hNsJmS7wm8HiBjr, confirmPassword=hNsJmS7wm8HiBjr, messageConfirm=Welcome to the world's largest community of freelance software testers!} [Given than Andres wants to make a new register at Utest.com platform [Andrã©s open up [AndrÃ©s opens the U test page]], When he goes at register form on Utest.com platform
| firstName | lastName | email | language | password | confirmPassword |
| Andres | Burgos | abf@mail.com | Spanish | hNsJmS7wm8HiBjr | hNsJmS7wm8HiBjr | [Andrã©s in platform [AndrÃ©s clicks on Button show us the register form, AndrÃ©s enters 'Andres' into Field to write first name]]]
[Test worker] WARN net.thucydides.core.steps.BaseStepListener - stepStarted: net.thucydides.core.steps.ExecutedStepDescription@f87a327
[Test worker] WARN net.thucydides.core.steps.BaseStepListener - stepFinished: current outcome:Make a new register:Example: {firstName=Andres, lastName=Burgos, email=abf@mail.com, language=Spanish, password=hNsJmS7wm8HiBjr, confirmPassword=hNsJmS7wm8HiBjr, messageConfirm=Welcome to the world's largest community of freelance software testers!} [Given than Andres wants to make a new register at Utest.com platform [Andrã©s open up [AndrÃ©s opens the U test page]], When he goes at register form on Utest.com platform
| firstName | lastName | email | language | password | confirmPassword |
| Andres | Burgos | abf@mail.com | Spanish | hNsJmS7wm8HiBjr | hNsJmS7wm8HiBjr | [Andrã©s in platform [AndrÃ©s clicks on Button show us the register form, AndrÃ©s enters 'Andres' into Field to write first name, AndrÃ©s enters 'Burgos' into Field to write last name]]]
[Test worker] WARN net.thucydides.core.steps.BaseStepListener - stepStarted: net.thucydides.core.steps.ExecutedStepDescription@7a32fc7
[Test worker] WARN net.thucydides.core.steps.BaseStepListener - stepFinished: current outcome:Make a new register:Example: {firstName=Andres, lastName=Burgos, email=abf@mail.com, language=Spanish, password=hNsJmS7wm8HiBjr, confirmPassword=hNsJmS7wm8HiBjr, messageConfirm=Welcome to the world's largest community of freelance software testers!} [Given than Andres wants to make a new register at Utest.com platform [Andrã©s open up [AndrÃ©s opens the U test page]], When he goes at register form on Utest.com platform
| firstName | lastName | email | language | password | confirmPassword |
| Andres | Burgos | abf@mail.com | Spanish | hNsJmS7wm8HiBjr | hNsJmS7wm8HiBjr | [Andrã©s in platform [AndrÃ©s clicks on Button show us the register form, AndrÃ©s enters 'Andres' into Field to write first name, AndrÃ©s enters 'Burgos' into Field to write last name, AndrÃ©s enters 'abf@mail.com' into Field to write email]]]
[Test worker] WARN net.thucydides.core.steps.BaseStepListener - stepStarted: net.thucydides.core.steps.ExecutedStepDescription@79584898
[Test worker] WARN net.thucydides.core.steps.BaseStepListener - stepFinished: current outcome:Make a new register:Example: {firstName=Andres, lastName=Burgos, email=abf@mail.com, language=Spanish, password=hNsJmS7wm8HiBjr, confirmPassword=hNsJmS7wm8HiBjr, messageConfirm=Welcome to the world's largest community of freelance software testers!} [Given than Andres wants to make a new register at Utest.com platform [Andrã©s open up [AndrÃ©s opens the U test page]], When he goes at register form on Utest.com platform
| firstName | lastName | email | language | password | confirmPassword |
| Andres | Burgos | abf@mail.com | Spanish | hNsJmS7wm8HiBjr | hNsJmS7wm8HiBjr | [Andrã©s in platform [AndrÃ©s clicks on Button show us the register form, AndrÃ©s enters 'Andres' into Field to write first name, AndrÃ©s enters 'Burgos' into Field to write last name, AndrÃ©s enters 'abf@mail.com' into Field to write email, AndrÃ©s clicks on Select to choose Month]]]
[Test worker] WARN net.thucydides.core.steps.BaseStepListener - stepStarted: net.thucydides.core.steps.ExecutedStepDescription@221981c6
[Test worker] WARN net.thucydides.core.steps.BaseStepListener - stepFinished: current outcome:Make a new register:Example: {firstName=Andres, lastName=Burgos, email=abf@mail.com, language=Spanish, password=hNsJmS7wm8HiBjr, confirmPassword=hNsJmS7wm8HiBjr, messageConfirm=Welcome to the world's largest community of freelance software testers!} [Given than Andres wants to make a new register at Utest.com platform [Andrã©s open up [AndrÃ©s opens the U test page]], When he goes at register form on Utest.com platform
| firstName | lastName | email | language | password | confirmPassword |
| Andres | Burgos | abf@mail.com | Spanish | hNsJmS7wm8HiBjr | hNsJmS7wm8HiBjr | [Andrã©s in platform [AndrÃ©s clicks on Button show us the register form, AndrÃ©s enters 'Andres' into Field to write first name, AndrÃ©s enters 'Burgos' into Field to write last name, AndrÃ©s enters 'abf@mail.com' into Field to write email, AndrÃ©s clicks on Select to choose Month, AndrÃ©s clicks on Select to choose Day]]]
[Test worker] WARN net.thucydides.core.steps.BaseStepListener - stepStarted: net.thucydides.core.steps.ExecutedStepDescription@78e30e40
[Test worker] WARN net.thucydides.core.steps.BaseStepListener - stepFinished: current outcome:Make a new register:Example: {firstName=Andres, lastName=Burgos, email=abf@mail.com, language=Spanish, password=hNsJmS7wm8HiBjr, confirmPassword=hNsJmS7wm8HiBjr, messageConfirm=Welcome to the world's largest community of freelance software testers!} [Given than Andres wants to make a new register at Utest.com platform [Andrã©s open up [AndrÃ©s opens the U test page]], When he goes at register form on Utest.com platform
| firstName | lastName | email | language | password | confirmPassword |
| Andres | Burgos | abf@mail.com | Spanish | hNsJmS7wm8HiBjr | hNsJmS7wm8HiBjr | [Andrã©s in platform [AndrÃ©s clicks on Button show us the register form, AndrÃ©s enters 'Andres' into Field to write first name, AndrÃ©s enters 'Burgos' into Field to write last name, AndrÃ©s enters 'abf@mail.com' into Field to write email, AndrÃ©s clicks on Select to choose Month, AndrÃ©s clicks on Select to choose Day, AndrÃ©s clicks on Select to choose Year]]]
[Test worker] WARN net.thucydides.core.steps.BaseStepListener - stepStarted: net.thucydides.core.steps.ExecutedStepDescription@57b0f10f
[Test worker] WARN net.thucydides.core.steps.BaseStepListener - stepFinished: current outcome:Make a new register:Example: {firstName=Andres, lastName=Burgos, email=abf@mail.com, language=Spanish, password=hNsJmS7wm8HiBjr, confirmPassword=hNsJmS7wm8HiBjr, messageConfirm=Welcome to the world's largest community of freelance software testers!} [Given than Andres wants to make a new register at Utest.com platform [Andrã©s open up [AndrÃ©s opens the U test page]], When he goes at register form on Utest.com platform
| firstName | lastName | email | language | password | confirmPassword |
| Andres | Burgos | abf@mail.com | Spanish | hNsJmS7wm8HiBjr | hNsJmS7wm8HiBjr | [Andrã©s in platform [AndrÃ©s clicks on Button show us the register form, AndrÃ©s enters 'Andres' into Field to write first name, AndrÃ©s enters 'Burgos' into Field to write last name, AndrÃ©s enters 'abf@mail.com' into Field to write email, AndrÃ©s clicks on Select to choose Month, AndrÃ©s clicks on Select to choose Day, AndrÃ©s clicks on Select to choose Year, AndrÃ©s enters 'Spanish' into Field to write language spoke]]]
[Test worker] WARN net.thucydides.core.steps.BaseStepListener - stepStarted: net.thucydides.core.steps.ExecutedStepDescription@31e4f83f
[Test worker] WARN net.thucydides.core.steps.BaseStepListener - stepFinished: current outcome:Make a new register:Example: {firstName=Andres, lastName=Burgos, email=abf@mail.com, language=Spanish, password=hNsJmS7wm8HiBjr, confirmPassword=hNsJmS7wm8HiBjr, messageConfirm=Welcome to the world's largest community of freelance software testers!} [Given than Andres wants to make a new register at Utest.com platform [Andrã©s open up [AndrÃ©s opens the U test page]], When he goes at register form on Utest.com platform
| firstName | lastName | email | language | password | confirmPassword |
| Andres | Burgos | abf@mail.com | Spanish | hNsJmS7wm8HiBjr | hNsJmS7wm8HiBjr | [Andrã©s in platform [AndrÃ©s clicks on Button show us the register form, AndrÃ©s enters 'Andres' into Field to write first name, AndrÃ©s enters 'Burgos' into Field to write last name, AndrÃ©s enters 'abf@mail.com' into Field to write email, AndrÃ©s clicks on Select to choose Month, AndrÃ©s clicks on Select to choose Day, AndrÃ©s clicks on Select to choose Year, AndrÃ©s enters 'Spanish' into Field to write language spoke, AndrÃ©s clicks on Button to choose the language]]]
[Test worker] WARN net.thucydides.core.steps.BaseStepListener - stepStarted: net.thucydides.core.steps.ExecutedStepDescription@25606167
[Test worker] WARN net.thucydides.core.steps.BaseStepListener - stepFinished: current outcome:Make a new register:Example: {firstName=Andres, lastName=Burgos, email=abf@mail.com, language=Spanish, password=hNsJmS7wm8HiBjr, confirmPassword=hNsJmS7wm8HiBjr, messageConfirm=Welcome to the world's largest community of freelance software testers!} [Given than Andres wants to make a new register at Utest.com platform [Andrã©s open up [AndrÃ©s opens the U test page]], When he goes at register form on Utest.com platform
| firstName | lastName | email | language | password | confirmPassword |
| Andres | Burgos | abf@mail.com | Spanish | hNsJmS7wm8HiBjr | hNsJmS7wm8HiBjr | [Andrã©s in platform [AndrÃ©s clicks on Button show us the register form, AndrÃ©s enters 'Andres' into Field to write first name, AndrÃ©s enters 'Burgos' into Field to write last name, AndrÃ©s enters 'abf@mail.com' into Field to write email, AndrÃ©s clicks on Select to choose Month, AndrÃ©s clicks on Select to choose Day, AndrÃ©s clicks on Select to choose Year, AndrÃ©s enters 'Spanish' into Field to write language spoke, AndrÃ©s clicks on Button to choose the language, AndrÃ©s clicks on Button to pass next item]]]
[Test worker] WARN net.thucydides.core.steps.BaseStepListener - stepStarted: net.thucydides.core.steps.ExecutedStepDescription@14c7a8e0
[Test worker] WARN net.thucydides.core.steps.BaseStepListener - stepFinished: current outcome:Make a new register:Example: {firstName=Andres, lastName=Burgos, email=abf@mail.com, language=Spanish, password=hNsJmS7wm8HiBjr, confirmPassword=hNsJmS7wm8HiBjr, messageConfirm=Welcome to the world's largest community of freelance software testers!} [Given than Andres wants to make a new register at Utest.com platform [Andrã©s open up [AndrÃ©s opens the U test page]], When he goes at register form on Utest.com platform
| firstName | lastName | email | language | password | confirmPassword |
| Andres | Burgos | abf@mail.com | Spanish | hNsJmS7wm8HiBjr | hNsJmS7wm8HiBjr | [Andrã©s in platform [AndrÃ©s clicks on Button show us the register form, AndrÃ©s enters 'Andres' into Field to write first name, AndrÃ©s enters 'Burgos' into Field to write last name, AndrÃ©s enters 'abf@mail.com' into Field to write email, AndrÃ©s clicks on Select to choose Month, AndrÃ©s clicks on Select to choose Day, AndrÃ©s clicks on Select to choose Year, AndrÃ©s enters 'Spanish' into Field to write language spoke, AndrÃ©s clicks on Button to choose the language, AndrÃ©s clicks on Button to pass next item, AndrÃ©s clicks on Button to pass next item]]]
[Test worker] WARN net.thucydides.core.steps.BaseStepListener - stepStarted: net.thucydides.core.steps.ExecutedStepDescription@68269f5d
[Test worker] WARN net.thucydides.core.steps.BaseStepListener - stepFinished: current outcome:Make a new register:Example: {firstName=Andres, lastName=Burgos, email=abf@mail.com, language=Spanish, password=hNsJmS7wm8HiBjr, confirmPassword=hNsJmS7wm8HiBjr, messageConfirm=Welcome to the world's largest community of freelance software testers!} [Given than Andres wants to make a new register at Utest.com platform [Andrã©s open up [AndrÃ©s opens the U test page]], When he goes at register form on Utest.com platform
| firstName | lastName | email | language | password | confirmPassword |
| Andres | Burgos | abf@mail.com | Spanish | hNsJmS7wm8HiBjr | hNsJmS7wm8HiBjr | [Andrã©s in platform [AndrÃ©s clicks on Button show us the register form, AndrÃ©s enters 'Andres' into Field to write first name, AndrÃ©s enters 'Burgos' into Field to write last name, AndrÃ©s enters 'abf@mail.com' into Field to write email, AndrÃ©s clicks on Select to choose Month, AndrÃ©s clicks on Select to choose Day, AndrÃ©s clicks on Select to choose Year, AndrÃ©s enters 'Spanish' into Field to write language spoke, AndrÃ©s clicks on Button to choose the language, AndrÃ©s clicks on Button to pass next item, AndrÃ©s clicks on Button to pass next item, AndrÃ©s clicks on Button to pass at last item]]]
[Test worker] WARN net.thucydides.core.steps.BaseStepListener - stepStarted: net.thucydides.core.steps.ExecutedStepDescription@3878dd29
[Test worker] WARN net.thucydides.core.steps.BaseStepListener - stepFinished: current outcome:Make a new register:Example: {firstName=Andres, lastName=Burgos, email=abf@mail.com, language=Spanish, password=hNsJmS7wm8HiBjr, confirmPassword=hNsJmS7wm8HiBjr, messageConfirm=Welcome to the world's largest community of freelance software testers!} [Given than Andres wants to make a new register at Utest.com platform [Andrã©s open up [AndrÃ©s opens the U test page]], When he goes at register form on Utest.com platform
| firstName | lastName | email | language | password | confirmPassword |
| Andres | Burgos | abf@mail.com | Spanish | hNsJmS7wm8HiBjr | hNsJmS7wm8HiBjr | [Andrã©s in platform [AndrÃ©s clicks on Button show us the register form, AndrÃ©s enters 'Andres' into Field to write first name, AndrÃ©s enters 'Burgos' into Field to write last name, AndrÃ©s enters 'abf@mail.com' into Field to write email, AndrÃ©s clicks on Select to choose Month, AndrÃ©s clicks on Select to choose Day, AndrÃ©s clicks on Select to choose Year, AndrÃ©s enters 'Spanish' into Field to write language spoke, AndrÃ©s clicks on Button to choose the language, AndrÃ©s clicks on Button to pass next item, AndrÃ©s clicks on Button to pass next item, AndrÃ©s clicks on Button to pass at last item, AndrÃ©s enters 'hNsJmS7wm8HiBjr' into Field to create a password]]]
[Test worker] WARN net.thucydides.core.steps.BaseStepListener - stepStarted: net.thucydides.core.steps.ExecutedStepDescription@5d928a03
[Test worker] WARN net.thucydides.core.steps.BaseStepListener - stepFinished: current outcome:Make a new register:Example: {firstName=Andres, lastName=Burgos, email=abf@mail.com, language=Spanish, password=hNsJmS7wm8HiBjr, confirmPassword=hNsJmS7wm8HiBjr, messageConfirm=Welcome to the world's largest community of freelance software testers!} [Given than Andres wants to make a new register at Utest.com platform [Andrã©s open up [AndrÃ©s opens the U test page]], When he goes at register form on Utest.com platform
| firstName | lastName | email | language | password | confirmPassword |
| Andres | Burgos | abf@mail.com | Spanish | hNsJmS7wm8HiBjr | hNsJmS7wm8HiBjr | [Andrã©s in platform [AndrÃ©s clicks on Button show us the register form, AndrÃ©s enters 'Andres' into Field to write first name, AndrÃ©s enters 'Burgos' into Field to write last name, AndrÃ©s enters 'abf@mail.com' into Field to write email, AndrÃ©s clicks on Select to choose Month, AndrÃ©s clicks on Select to choose Day, AndrÃ©s clicks on Select to choose Year, AndrÃ©s enters 'Spanish' into Field to write language spoke, AndrÃ©s clicks on Button to choose the language, AndrÃ©s clicks on Button to pass next item, AndrÃ©s clicks on Button to pass next item, AndrÃ©s clicks on Button to pass at last item, AndrÃ©s enters 'hNsJmS7wm8HiBjr' into Field to create a password, AndrÃ©s enters 'hNsJmS7wm8HiBjr' into Field to confirm the password]]]
[Test worker] WARN net.thucydides.core.steps.BaseStepListener - stepStarted: net.thucydides.core.steps.ExecutedStepDescription@226924a5
[Test worker] WARN net.thucydides.core.steps.BaseStepListener - stepFinished: current outcome:Make a new register:Example: {firstName=Andres, lastName=Burgos, email=abf@mail.com, language=Spanish, password=hNsJmS7wm8HiBjr, confirmPassword=hNsJmS7wm8HiBjr, messageConfirm=Welcome to the world's largest community of freelance software testers!} [Given than Andres wants to make a new register at Utest.com platform [Andrã©s open up [AndrÃ©s opens the U test page]], When he goes at register form on Utest.com platform
| firstName | lastName | email | language | password | confirmPassword |
| Andres | Burgos | abf@mail.com | Spanish | hNsJmS7wm8HiBjr | hNsJmS7wm8HiBjr | [Andrã©s in platform [AndrÃ©s clicks on Button show us the register form, AndrÃ©s enters 'Andres' into Field to write first name, AndrÃ©s enters 'Burgos' into Field to write last name, AndrÃ©s enters 'abf@mail.com' into Field to write email, AndrÃ©s clicks on Select to choose Month, AndrÃ©s clicks on Select to choose Day, AndrÃ©s clicks on Select to choose Year, AndrÃ©s enters 'Spanish' into Field to write language spoke, AndrÃ©s clicks on Button to choose the language, AndrÃ©s clicks on Button to pass next item, AndrÃ©s clicks on Button to pass next item, AndrÃ©s clicks on Button to pass at last item, AndrÃ©s enters 'hNsJmS7wm8HiBjr' into Field to create a password, AndrÃ©s enters 'hNsJmS7wm8HiBjr' into Field to confirm the password, AndrÃ©s clicks on Check button of terms and conditions]]]
[Test worker] WARN net.thucydides.core.steps.BaseStepListener - stepStarted: net.thucydides.core.steps.ExecutedStepDescription@24423f0c
[Test worker] WARN net.thucydides.core.steps.BaseStepListener - stepFinished: current outcome:Make a new register:Example: {firstName=Andres, lastName=Burgos, email=abf@mail.com, language=Spanish, password=hNsJmS7wm8HiBjr, confirmPassword=hNsJmS7wm8HiBjr, messageConfirm=Welcome to the world's largest community of freelance software testers!} [Given than Andres wants to make a new register at Utest.com platform [Andrã©s open up [AndrÃ©s opens the U test page]], When he goes at register form on Utest.com platform
| firstName | lastName | email | language | password | confirmPassword |
| Andres | Burgos | abf@mail.com | Spanish | hNsJmS7wm8HiBjr | hNsJmS7wm8HiBjr | [Andrã©s in platform [AndrÃ©s clicks on Button show us the register form, AndrÃ©s enters 'Andres' into Field to write first name, AndrÃ©s enters 'Burgos' into Field to write last name, AndrÃ©s enters 'abf@mail.com' into Field to write email, AndrÃ©s clicks on Select to choose Month, AndrÃ©s clicks on Select to choose Day, AndrÃ©s clicks on Select to choose Year, AndrÃ©s enters 'Spanish' into Field to write language spoke, AndrÃ©s clicks on Button to choose the language, AndrÃ©s clicks on Button to pass next item, AndrÃ©s clicks on Button to pass next item, AndrÃ©s clicks on Button to pass at last item, AndrÃ©s enters 'hNsJmS7wm8HiBjr' into Field to create a password, AndrÃ©s enters 'hNsJmS7wm8HiBjr' into Field to confirm the password, AndrÃ©s clicks on Check button of terms and conditions, AndrÃ©s clicks on Check button of Privacy & Security Policy]]]
[Test worker] WARN net.thucydides.core.steps.BaseStepListener - stepStarted: net.thucydides.core.steps.ExecutedStepDescription@5c8e022a
[Test worker] WARN net.thucydides.core.steps.BaseStepListener - stepFinished: current outcome:Make a new register:Example: {firstName=Andres, lastName=Burgos, email=abf@mail.com, language=Spanish, password=hNsJmS7wm8HiBjr, confirmPassword=hNsJmS7wm8HiBjr, messageConfirm=Welcome to the world's largest community of freelance software testers!} [Given than Andres wants to make a new register at Utest.com platform [Andrã©s open up [AndrÃ©s opens the U test page]], When he goes at register form on Utest.com platform
| firstName | lastName | email | language | password | confirmPassword |
| Andres | Burgos | abf@mail.com | Spanish | hNsJmS7wm8HiBjr | hNsJmS7wm8HiBjr | [Andrã©s in platform [AndrÃ©s clicks on Button show us the register form, AndrÃ©s enters 'Andres' into Field to write first name, AndrÃ©s enters 'Burgos' into Field to write last name, AndrÃ©s enters 'abf@mail.com' into Field to write email, AndrÃ©s clicks on Select to choose Month, AndrÃ©s clicks on Select to choose Day, AndrÃ©s clicks on Select to choose Year, AndrÃ©s enters 'Spanish' into Field to write language spoke, AndrÃ©s clicks on Button to choose the language, AndrÃ©s clicks on Button to pass next item, AndrÃ©s clicks on Button to pass next item, AndrÃ©s clicks on Button to pass at last item, AndrÃ©s enters 'hNsJmS7wm8HiBjr' into Field to create a password, AndrÃ©s enters 'hNsJmS7wm8HiBjr' into Field to confirm the password, AndrÃ©s clicks on Check button of terms and conditions, AndrÃ©s clicks on Check button of Privacy & Security Policy, AndrÃ©s clicks on Button to complete the register form]]]
[Test worker] WARN net.thucydides.core.steps.BaseStepListener - stepFinished: current outcome:Make a new register:Example: {firstName=Andres, lastName=Burgos, email=abf@mail.com, language=Spanish, password=hNsJmS7wm8HiBjr, confirmPassword=hNsJmS7wm8HiBjr, messageConfirm=Welcome to the world's largest community of freelance software testers!} [Given than Andres wants to make a new register at Utest.com platform [Andrã©s open up [AndrÃ©s opens the U test page]], When he goes at register form on Utest.com platform
| firstName | lastName | email | language | password | confirmPassword |
| Andres | Burgos | abf@mail.com | Spanish | hNsJmS7wm8HiBjr | hNsJmS7wm8HiBjr | [Andrã©s in platform [AndrÃ©s clicks on Button show us the register form, AndrÃ©s enters 'Andres' into Field to write first name, AndrÃ©s enters 'Burgos' into Field to write last name, AndrÃ©s enters 'abf@mail.com' into Field to write email, AndrÃ©s clicks on Select to choose Month, AndrÃ©s clicks on Select to choose Day, AndrÃ©s clicks on Select to choose Year, AndrÃ©s enters 'Spanish' into Field to write language spoke, AndrÃ©s clicks on Button to choose the language, AndrÃ©s clicks on Button to pass next item, AndrÃ©s clicks on Button to pass next item, AndrÃ©s clicks on Button to pass at last item, AndrÃ©s enters 'hNsJmS7wm8HiBjr' into Field to create a password, AndrÃ©s enters 'hNsJmS7wm8HiBjr' into Field to confirm the password, AndrÃ©s clicks on Check button of terms and conditions, AndrÃ©s clicks on Check button of Privacy & Security Policy, AndrÃ©s clicks on Button to complete the register form]]]
[Test worker] WARN net.thucydides.core.steps.BaseStepListener - stepFinished: current outcome:Make a new register:Example: {firstName=Andres, lastName=Burgos, email=abf@mail.com, language=Spanish, password=hNsJmS7wm8HiBjr, confirmPassword=hNsJmS7wm8HiBjr, messageConfirm=Welcome to the world's largest community of freelance software testers!} [Given than Andres wants to make a new register at Utest.com platform [Andrã©s open up [AndrÃ©s opens the U test page]], When he goes at register form on Utest.com platform
| firstName | lastName | email | language | password | confirmPassword |
| Andres | Burgos | abf@mail.com | Spanish | hNsJmS7wm8HiBjr | hNsJmS7wm8HiBjr | [Andrã©s in platform [AndrÃ©s clicks on Button show us the register form, AndrÃ©s enters 'Andres' into Field to write first name, AndrÃ©s enters 'Burgos' into Field to write last name, AndrÃ©s enters 'abf@mail.com' into Field to write email, AndrÃ©s clicks on Select to choose Month, AndrÃ©s clicks on Select to choose Day, AndrÃ©s clicks on Select to choose Year, AndrÃ©s enters 'Spanish' into Field to write language spoke, AndrÃ©s clicks on Button to choose the language, AndrÃ©s clicks on Button to pass next item, AndrÃ©s clicks on Button to pass next item, AndrÃ©s clicks on Button to pass at last item, AndrÃ©s enters 'hNsJmS7wm8HiBjr' into Field to create a password, AndrÃ©s enters 'hNsJmS7wm8HiBjr' into Field to confirm the password, AndrÃ©s clicks on Check button of terms and conditions, AndrÃ©s clicks on Check button of Privacy & Security Policy, AndrÃ©s clicks on Button to complete the register form]]]
[Test worker] WARN net.thucydides.core.steps.BaseStepListener - stepStarted: net.thucydides.core.steps.ExecutedStepDescription@15c96754
[Test worker] WARN net.thucydides.core.steps.BaseStepListener - stepStarted: net.thucydides.core.steps.ExecutedStepDescription@35507d5d
[Test worker] WARN net.thucydides.core.steps.BaseStepListener - testFinished: Make a new register:Example: {firstName=Andres, lastName=Burgos, email=abf@mail.com, language=Spanish, password=hNsJmS7wm8HiBjr, confirmPassword=hNsJmS7wm8HiBjr, messageConfirm=Welcome to the world's largest community of freelance software testers!} [Given than Andres wants to make a new register at Utest.com platform [Andrã©s open up [AndrÃ©s opens the U test page]], When he goes at register form on Utest.com platform
| firstName | lastName | email | language | password | confirmPassword |
| Andres | Burgos | abf@mail.com | Spanish | hNsJmS7wm8HiBjr | hNsJmS7wm8HiBjr | [Andrã©s in platform [AndrÃ©s clicks on Button show us the register form, AndrÃ©s enters 'Andres' into Field to write first name, AndrÃ©s enters 'Burgos' into Field to write last name, AndrÃ©s enters 'abf@mail.com' into Field to write email, AndrÃ©s clicks on Select to choose Month, AndrÃ©s clicks on Select to choose Day, AndrÃ©s clicks on Select to choose Year, AndrÃ©s enters 'Spanish' into Field to write language spoke, AndrÃ©s clicks on Button to choose the language, AndrÃ©s clicks on Button to pass next item, AndrÃ©s clicks on Button to pass next item, AndrÃ©s clicks on Button to pass at last item, AndrÃ©s enters 'hNsJmS7wm8HiBjr' into Field to create a password, AndrÃ©s enters 'hNsJmS7wm8HiBjr' into Field to confirm the password, AndrÃ©s clicks on Check button of terms and conditions, AndrÃ©s clicks on Check button of Privacy & Security Policy, AndrÃ©s clicks on Button to complete the register form]], Then he fills and save all data provided
| messageConfirm |
| Welcome to the world's largest community of freelance software testers! | [Then answer]]
[Test worker] WARN net.thucydides.core.steps.BaseStepListener - TestOutcomes: [Make a new register:Example: {firstName=Andres, lastName=Burgos, email=abf@mail.com, language=Spanish, password=hNsJmS7wm8HiBjr, confirmPassword=hNsJmS7wm8HiBjr, messageConfirm=Welcome to the world's largest community of freelance software testers!} [Given than Andres wants to make a new register at Utest.com platform [Andrã©s open up [AndrÃ©s opens the U test page]], When he goes at register form on Utest.com platform
| firstName | lastName | email | language | password | confirmPassword |
| Andres | Burgos | abf@mail.com | Spanish | hNsJmS7wm8HiBjr | hNsJmS7wm8HiBjr | [Andrã©s in platform [AndrÃ©s clicks on Button show us the register form, AndrÃ©s enters 'Andres' into Field to write first name, AndrÃ©s enters 'Burgos' into Field to write last name, AndrÃ©s enters 'abf@mail.com' into Field to write email, AndrÃ©s clicks on Select to choose Month, AndrÃ©s clicks on Select to choose Day, AndrÃ©s clicks on Select to choose Year, AndrÃ©s enters 'Spanish' into Field to write language spoke, AndrÃ©s clicks on Button to choose the language, AndrÃ©s clicks on Button to pass next item, AndrÃ©s clicks on Button to pass next item, AndrÃ©s clicks on Button to pass at last item, AndrÃ©s enters 'hNsJmS7wm8HiBjr' into Field to create a password, AndrÃ©s enters 'hNsJmS7wm8HiBjr' into Field to confirm the password, AndrÃ©s clicks on Check button of terms and conditions, AndrÃ©s clicks on Check button of Privacy & Security Policy, AndrÃ©s clicks on Button to complete the register form]], Then he fills and save all data provided
| messageConfirm |
| Welcome to the world's largest community of freelance software testers! | [Then answer]]]
[Test worker] WARN net.thucydides.core.steps.BaseStepListener - Final testOutcomes: [Make a new register:Example: {firstName=Andres, lastName=Burgos, email=abf@mail.com, language=Spanish, password=hNsJmS7wm8HiBjr, confirmPassword=hNsJmS7wm8HiBjr, messageConfirm=Welcome to the world's largest community of freelance software testers!} [Given than Andres wants to make a new register at Utest.com platform [Andrã©s open up [AndrÃ©s opens the U test page]], When he goes at register form on Utest.com platform
| firstName | lastName | email | language | password | confirmPassword |
| Andres | Burgos | abf@mail.com | Spanish | hNsJmS7wm8HiBjr | hNsJmS7wm8HiBjr | [Andrã©s in platform [AndrÃ©s clicks on Button show us the register form, AndrÃ©s enters 'Andres' into Field to write first name, AndrÃ©s enters 'Burgos' into Field to write last name, AndrÃ©s enters 'abf@mail.com' into Field to write email, AndrÃ©s clicks on Select to choose Month, AndrÃ©s clicks on Select to choose Day, AndrÃ©s clicks on Select to choose Year, AndrÃ©s enters 'Spanish' into Field to write language spoke, AndrÃ©s clicks on Button to choose the language, AndrÃ©s clicks on Button to pass next item, AndrÃ©s clicks on Button to pass next item, AndrÃ©s clicks on Button to pass at last item, AndrÃ©s enters 'hNsJmS7wm8HiBjr' into Field to create a password, AndrÃ©s enters 'hNsJmS7wm8HiBjr' into Field to confirm the password, AndrÃ©s clicks on Check button of terms and conditions, AndrÃ©s clicks on Check button of Privacy & Security Policy, AndrÃ©s clicks on Button to complete the register form]], Then he fills and save all data provided
| messageConfirm |
| Welcome to the world's largest community of freelance software testers! | [Then answer]]]
[Test worker] ERROR net.thucydides.core.steps.ConsoleLoggingListener - 
           __  _____ _____ ____ _____   _____ _    ___ _     _____ ____  
  _       / / |_   _| ____/ ___|_   _| |  ___/ \  |_ _| |   | ____|  _ \ 
 (_)_____| |    | | |  _| \___ \ | |   | |_ / _ \  | || |   |  _| | | | |
  _|_____| |    | | | |___ ___) || |   |  _/ ___ \ | || |___| |___| |_| |
 (_)     | |    |_| |_____|____/ |_|   |_|/_/   \_\___|_____|_____|____/ 
          \_\                                                            

TEST FAILED WITH ERROR: Make a new register
---------------------------------------------------------------------
[Test worker] ERROR net.thucydides.core.steps.ConsoleLoggingListener - TEST FAILED AT STEP Then answer
[Test worker] ERROR net.thucydides.core.steps.ConsoleLoggingListener - invalid selector: Unable to locate an element with the xpath expression //h1[contains(text(), 'Welcome to the world's largest community of freelance software testers!')] because of the following error:
]]></system-err>
</testsuite>
